running CONFIG_SHELL=/bin/sh /bin/sh ./configure   --no-create --no-recursion
checking build system type... x86_64-unknown-linux-gnu
checking host system type... x86_64-unknown-linux-gnu
checking target system type... x86_64-unknown-linux-gnu
checking type of operating system we're going to host on... Linux
checking type of operating system we're going to target... Linux
checking target architecture... x86_64
checking for gcc... gcc
checking for C compiler default output file name... a.out
checking whether the C compiler works... yes
checking whether we are cross compiling... no
checking for suffix of executables... 
checking for suffix of object files... o
checking whether we are using the GNU C compiler... yes
checking whether gcc accepts -g... yes
checking for gcc option to accept ISO C89... none needed
checking how to run the C preprocessor... gcc -E
checking for grep that handles long lines and -e... /usr/bin/grep
checking for egrep... /usr/bin/grep -E
checking for ANSI C header files... yes
checking for sys/types.h... yes
checking for sys/stat.h... yes
checking for stdlib.h... yes
checking for string.h... yes
checking for memory.h... yes
checking for strings.h... yes
checking for inttypes.h... yes
checking for stdint.h... yes
checking for unistd.h... yes
checking whether byte ordering is bigendian... no
checking how to run the C preprocessor... gcc -E
checking whether we are using the GNU C compiler... (cached) yes
checking whether gcc accepts -g... (cached) yes
checking for gcc option to accept ISO C89... (cached) none needed
checking for g++... g++
checking whether we are using the GNU C++ compiler... yes
checking whether g++ accepts -g... yes
checking for BSD-compatible nm... /usr/bin/nm -B
checking for GNU make... make
checking whether ln -s works... yes
checking for cmp... /usr/bin/cmp
checking for cp... /bin/cp
checking for date... /bin/date
checking for find... /usr/bin/find
checking for grep... (cached) /usr/bin/grep
checking for mkdir... /bin/mkdir
checking for mv... /bin/mv
checking for ranlib... ranlib
checking for rm... /bin/rm
checking for sed... /usr/bin/sed
checking for tar... /bin/tar
checking for pwd... /bin/pwd
checking for Graphviz... echo Graphviz
checking for dot... echo dot
checking for fdp... echo fdp
checking for neato... echo neato
checking for twopi... echo twopi
checking for circo... echo circo
checking for gv... no
checking for gsview32... no
checking for dotty... echo dotty
checking for perl... /usr/bin/perl
checking for Perl 5.006 or newer... yes
checking for a BSD-compatible install... /usr/bin/install -c
checking for bzip2... /usr/bin/bzip2
checking for doxygen... no
checking for groff... /usr/bin/groff
checking for gzip... /usr/bin/gzip
checking for pod2html... /usr/bin/pod2html
checking for pod2man... /usr/bin/pod2man
checking for runtest... no
checking for the tclsh program in tclinclude directory... none
checking for tclsh8.4... /usr/bin/tclsh8.4
checking for zip... /usr/bin/zip
checking for ocamlc... /usr/bin/ocamlc
checking for ocamlopt... /usr/bin/ocamlopt
checking for ocamldep... /usr/bin/ocamldep
checking for ocamldoc... no
checking for gas... no
checking for as... /usr/bin/as
checking for compiler -Wl,-R<path> option... yes
checking for compiler -Wl,-export-dynamic option... yes
checking for an ANSI C-conforming const... yes
checking for dirent.h that defines DIR... yes
checking for library containing opendir... none required
checking dlfcn.h usability... yes
checking dlfcn.h presence... yes
checking for dlfcn.h... yes
checking dynamic linker characteristics... cat: /etc/ld.so.conf.d/*.conf: No such file or directory
GNU/Linux ld.so
checking which extension is used for loadable modules... .so
checking which variable specifies run-time library path... LD_LIBRARY_PATH
checking for the default library search path... /lib /usr/lib /usr/X11R6/lib64/Xaw3d /usr/X11R6/lib64 /usr/X11R6/lib/Xaw3d /usr/X11R6/lib /usr/x86_64-suse-linux/lib /usr/local/lib /opt/kde3/lib /opt/gnome/lib /lib64 /lib /usr/lib64 /usr/lib /usr/local/lib64 /opt/kde3/lib64 /opt/gnome/lib64 
checking for objdir... .libs
checking command to parse /usr/bin/nm -B output from  object... ok
checking whether libtool supports -dlopen/-dlpreopen... yes
checking for shl_load... no
checking for shl_load in -ldld... no
checking for dlopen in -ldl... yes
checking for dlerror... yes
checking for _ prefix in compiled symbols... no
checking whether deplibs are loaded by dlopen... yes
checking argz.h usability... yes
checking argz.h presence... yes
checking for argz.h... yes
checking for error_t... yes
checking for argz_append... yes
checking for argz_create_sep... yes
checking for argz_insert... yes
checking for argz_next... yes
checking for argz_stringify... yes
checking assert.h usability... yes
checking assert.h presence... yes
checking for assert.h... yes
checking ctype.h usability... yes
checking ctype.h presence... yes
checking for ctype.h... yes
checking errno.h usability... yes
checking errno.h presence... yes
checking for errno.h... yes
checking malloc.h usability... yes
checking malloc.h presence... yes
checking for malloc.h... yes
checking for memory.h... (cached) yes
checking for stdlib.h... (cached) yes
checking stdio.h usability... yes
checking stdio.h presence... yes
checking for stdio.h... yes
checking for unistd.h... (cached) yes
checking dl.h usability... no
checking dl.h presence... no
checking for dl.h... no
checking sys/dl.h usability... no
checking sys/dl.h presence... no
checking for sys/dl.h... no
checking dld.h usability... no
checking dld.h presence... no
checking for dld.h... no
checking mach-o/dyld.h usability... no
checking mach-o/dyld.h presence... no
checking for mach-o/dyld.h... no
checking for string.h... (cached) yes
checking for strchr... yes
checking for strrchr... yes
checking for memcpy... yes
checking for memmove... yes
checking for strcmp... yes
checking for closedir... yes
checking for opendir... yes
checking for readdir... yes
checking for a sed that does not truncate output... /usr/bin/sed
checking for ld used by gcc... /usr/x86_64-suse-linux/bin/ld
checking if the linker (/usr/x86_64-suse-linux/bin/ld) is GNU ld... yes
checking for /usr/x86_64-suse-linux/bin/ld option to reload object files... -r
checking how to recognise dependent libraries... pass_all
checking how to run the C++ preprocessor... g++ -E
checking for g77... no
checking for f77... no
checking for xlf... no
checking for frt... no
checking for pgf77... no
checking for cf77... no
checking for fort77... no
checking for fl32... no
checking for af77... no
checking for f90... no
checking for xlf90... no
checking for pgf90... no
checking for pghpf... no
checking for epcf90... no
checking for gfortran... gfortran
checking whether we are using the GNU Fortran 77 compiler... yes
checking whether gfortran accepts -g... yes
checking the maximum length of command line arguments... 32768
checking command to parse /usr/bin/nm -B output from gcc object... (cached) ok
checking for objdir... .libs
checking for ar... ar
checking for ranlib... (cached) ranlib
checking for strip... strip
checking if gcc supports -fno-rtti -fno-exceptions... no
checking for gcc option to produce PIC... -fPIC
checking if gcc PIC flag -fPIC works... yes
checking if gcc static flag -static works... yes
checking if gcc supports -c -o file.o... yes
checking whether the gcc linker (/usr/x86_64-suse-linux/bin/ld -m elf_x86_64) supports shared libraries... yes
checking whether -lc should be explicitly linked in... no
checking dynamic linker characteristics... cat: /etc/ld.so.conf.d/*.conf: No such file or directory
GNU/Linux ld.so
checking how to hardcode library paths into programs... immediate
checking whether stripping libraries is possible... yes
checking for shl_load... (cached) no
checking for shl_load in -ldld... (cached) no
checking for dlopen... no
checking for dlopen in -ldl... (cached) yes
checking whether a program can dlopen itself... yes
checking whether a statically linked program can dlopen itself... no
checking if libtool supports shared libraries... yes
checking whether to build shared libraries... yes
checking whether to build static libraries... yes
configure: creating mklib
appending configuration tag "CXX" to mklib
checking for ld used by g++... /usr/x86_64-suse-linux/bin/ld -m elf_x86_64
checking if the linker (/usr/x86_64-suse-linux/bin/ld -m elf_x86_64) is GNU ld... yes
checking whether the g++ linker (/usr/x86_64-suse-linux/bin/ld -m elf_x86_64) supports shared libraries... yes
checking for g++ option to produce PIC... -fPIC
checking if g++ PIC flag -fPIC works... yes
checking if g++ static flag -static works... yes
checking if g++ supports -c -o file.o... yes
checking whether the g++ linker (/usr/x86_64-suse-linux/bin/ld -m elf_x86_64) supports shared libraries... yes
checking dynamic linker characteristics... cat: /etc/ld.so.conf.d/*.conf: No such file or directory
GNU/Linux ld.so
checking how to hardcode library paths into programs... immediate
appending configuration tag "F77" to mklib
checking if libtool supports shared libraries... yes
checking whether to build shared libraries... yes
checking whether to build static libraries... yes
checking for gfortran option to produce PIC... -fPIC
checking if gfortran PIC flag -fPIC works... yes
checking if gfortran static flag -static works... yes
checking if gfortran supports -c -o file.o... yes
checking whether the gfortran linker (/usr/x86_64-suse-linux/bin/ld -m elf_x86_64) supports shared libraries... yes
checking dynamic linker characteristics... cat: /etc/ld.so.conf.d/*.conf: No such file or directory
GNU/Linux ld.so
checking how to hardcode library paths into programs... immediate
checking for llvm-gcc... /usr/local/bin/llvm-gcc
checking for llvm-g++... /usr/local/bin/llvm-g++
checking tool compatibility... ok
checking for sin in -lm... yes
checking for library containing dlopen... -ldl
checking for library containing ffi_call... no
configure: WARNING: libffi not found - disabling external calls from interpreter
checking for library containing mallinfo... none required
checking for pthread_mutex_init in -lpthread... yes
checking for library containing pthread_mutex_lock... none required
checking for library containing pthread_rwlock_init... none required
checking for library containing pthread_getspecific... none required
checking for library containing op_open_agent... no
checking opagent.h usability... no
checking opagent.h presence... no
checking for opagent.h... no
checking for dirent.h that defines DIR... (cached) yes
checking for library containing opendir... (cached) none required
checking for MAP_ANONYMOUS vs. MAP_ANON... yes
checking whether stat file-mode macros are broken... no
checking for ANSI C header files... (cached) yes
checking for sys/wait.h that is POSIX.1 compatible... yes
checking whether time.h and sys/time.h may both be included... yes
checking for dlfcn.h... (cached) yes
checking execinfo.h usability... yes
checking execinfo.h presence... yes
checking for execinfo.h... yes
checking fcntl.h usability... yes
checking fcntl.h presence... yes
checking for fcntl.h... yes
checking for inttypes.h... (cached) yes
checking limits.h usability... yes
checking limits.h presence... yes
checking for limits.h... yes
checking link.h usability... yes
checking link.h presence... yes
checking for link.h... yes
checking for malloc.h... (cached) yes
checking setjmp.h usability... yes
checking setjmp.h presence... yes
checking for setjmp.h... yes
checking signal.h usability... yes
checking signal.h presence... yes
checking for signal.h... yes
checking for stdint.h... (cached) yes
checking termios.h usability... yes
checking termios.h presence... yes
checking for termios.h... yes
checking for unistd.h... (cached) yes
checking utime.h usability... yes
checking utime.h presence... yes
checking for utime.h... yes
checking windows.h usability... no
checking windows.h presence... no
checking for windows.h... no
checking sys/mman.h usability... yes
checking sys/mman.h presence... yes
checking for sys/mman.h... yes
checking sys/param.h usability... yes
checking sys/param.h presence... yes
checking for sys/param.h... yes
checking sys/resource.h usability... yes
checking sys/resource.h presence... yes
checking for sys/resource.h... yes
checking sys/time.h usability... yes
checking sys/time.h presence... yes
checking for sys/time.h... yes
checking for sys/types.h... (cached) yes
checking sys/ioctl.h usability... yes
checking sys/ioctl.h presence... yes
checking for sys/ioctl.h... yes
checking malloc/malloc.h usability... no
checking malloc/malloc.h presence... no
checking for malloc/malloc.h... no
checking mach/mach.h usability... no
checking mach/mach.h presence... no
checking for mach/mach.h... no
checking pthread.h usability... yes
checking pthread.h presence... yes
checking for pthread.h... yes
checking ffi.h usability... no
checking ffi.h presence... no
checking for ffi.h... no
checking ffi/ffi.h usability... no
checking ffi/ffi.h presence... no
checking for ffi/ffi.h... no
checking for HUGE_VAL sanity... yes
checking for pid_t... yes
checking for size_t... yes
checking return type of signal handlers... void
checking whether struct tm is in sys/time.h or time.h... time.h
checking for int64_t... yes
checking for uint64_t... yes
checking for backtrace... yes
checking for ceilf... yes
checking for floorf... yes
checking for roundf... yes
checking for rintf... yes
checking for nearbyintf... yes
checking for getcwd... yes
checking for powf... yes
checking for fmodf... yes
checking for strtof... yes
checking for round... yes
checking for getpagesize... yes
checking for getrusage... yes
checking for getrlimit... yes
checking for setrlimit... yes
checking for gettimeofday... yes
checking for isatty... yes
checking for mkdtemp... yes
checking for mkstemp... yes
checking for mktemp... yes
checking for realpath... yes
checking for sbrk... yes
checking for setrlimit... (cached) yes
checking for strdup... yes
checking for strerror... yes
checking for strerror_r... yes
checking for strerror_s... no
checking for strtoll... yes
checking for strtoq... yes
checking for sysconf... yes
checking for malloc_zone_statistics... no
checking for setjmp... yes
checking for longjmp... yes
checking for sigsetjmp... no
checking for siglongjmp... yes
checking if printf has the %a format character... yes
checking for working alloca.h... yes
checking for alloca... yes
checking for srand48/lrand48/drand48 in <stdlib.h>... yes
checking whether the compiler implements namespaces... yes
checking whether the compiler has the standard iterator... yes
checking whether the compiler has the bidirectional iterator... no
checking whether the compiler has forward iterators... no
checking for isnan in <math.h>... yes
checking for isnan in <cmath>... yes
checking for std::isnan in <cmath>... yes
checking for isinf in <math.h>... yes
checking for isinf in <cmath>... yes
checking for std::isinf in <cmath>... no
checking for finite in <ieeefp.h>... no
checking for stdlib.h... (cached) yes
checking for unistd.h... (cached) yes
checking for getpagesize... (cached) yes
checking for working mmap... yes
checking for mmap of files... yes
checking if /dev/zero is needed for mmap... no
checking for GCC atomic builtins... yes
checking for __dso_handle... yes
checking whether llvm-gcc is sane... yes
checking llvm-gcc component support... ok
checking for compiler -fvisibility-inlines-hidden option... yes
configure: creating ./config.status
